\BOOKMARK [1][-]{section*.2}{ OpenXCom-pelin asennus}{}% 1
\BOOKMARK [1][-]{section*.3}{ Akun 10\045 varaus varoitus}{}% 2
\BOOKMARK [1][-]{section*.4}{ N\344yt\366nkierto}{}% 3
\BOOKMARK [1][-]{section*.5}{ Nemo file manager}{}% 4
\BOOKMARK [1][-]{section*.6}{ Nemo file manager}{}% 5
\BOOKMARK [1][-]{section*.7}{ Latexmk}{}% 6
\BOOKMARK [1][-]{section*.8}{ Texmaker 4.1}{}% 7
\BOOKMARK [1][-]{section*.9}{ OpenRa asennus}{}% 8
\BOOKMARK [1][-]{section*.10}{ Netflix ja Silverlight}{}% 9
\BOOKMARK [1][-]{section*.11}{ Steam ja OpenGL ongelmat}{}% 10
\BOOKMARK [1][-]{section*.12}{ Lubuntu ongelmat}{}% 11
\BOOKMARK [1][-]{section*.13}{ Videoeditointi, ty\366p\366yt\344jumi ja gif-konversio}{}% 12
\BOOKMARK [1][-]{section*.14}{ Teamviewer ja Steam ongelmat}{}% 13
\BOOKMARK [1][-]{section*.15}{ Tiedostojen jakaminen \(samba\) ja fstab}{}% 14
\BOOKMARK [1][-]{section*.16}{ GIF-tiedostoja toistava kuvaohjelma}{}% 15
\BOOKMARK [1][-]{section*.17}{ Oikeinkirjoituksen tarkistus}{}% 16
\BOOKMARK [1][-]{section*.18}{ youtube-dl ja vakioasetukset}{}% 17
\BOOKMARK [1][-]{section*.19}{ Python ja gdata-paketti}{}% 18
\BOOKMARK [1][-]{section*.20}{ MythGame ja mednafen}{}% 19
\BOOKMARK [1][-]{section*.21}{ gzdoom, Brutal doom ja OpenGL}{}% 20
\BOOKMARK [1][-]{section*.22}{ Aloituksen korjaus ja login-poisto}{}% 21
\BOOKMARK [1][-]{section*.23}{ GTK-Youtube-viewer}{}% 22
\BOOKMARK [1][-]{section*.24}{ GTK-Youtube-viewer}{}% 23
\BOOKMARK [1][-]{section*.25}{ Python youtube-dl moduuli}{}% 24
\BOOKMARK [1][-]{section*.26}{ pcgen ja javac}{}% 25
